10:10:44 — === AJAX STARTED ===
10:10:44 — MailPoet API found
10:10:44 — Email: ww@bk.ru
10:10:44 — List ID: 4
10:10:44 — API loaded
10:10:44 — Array
(
    [EXCEPTION] => Такого подписчика не существует.
)

10:16:35 — === AJAX STARTED ===
10:16:35 — MailPoet API found
10:16:35 — Email: ww@bk.ru
10:16:35 — List ID: 4
10:16:35 — API Loaded
10:16:35 — Subscriber does not exist — creating
10:16:38 — Array
(
    [Created subscriber] => Array
        (
            [id] => 3
            [wp_user_id] => 
            [is_woocommerce_user] => 
            [subscriptions] => Array
                (
                    [0] => Array
                        (
                            [id] => 4
                            [subscriber_id] => 3
                            [created_at] => 2025-11-22 10:16:36
                            [segment_id] => 4
                            [status] => subscribed
                            [updated_at] => 2025-11-22 10:16:36
                        )

                )

            [unsubscribes] => Array
                (
                )

            [status] => subscribed
            [last_name] => 
            [first_name] => 
            [email] => ww@bk.ru
            [created_at] => 2025-11-22 10:16:35
            [updated_at] => 2025-11-22 10:16:35
            [deleted_at] => 
            [subscribed_ip] => 127.0.0.1
            [confirmed_ip] => 
            [confirmed_at] => 
            [last_subscribed_at] => 2025-11-22 10:16:35
            [unconfirmed_data] => 
            [source] => api
            [count_confirmations] => 0
            [unsubscribe_token] => 4fym20blvsmc808
            [link_token] => 20944fc3e403a1bbb01d72cb4e153954
            [tags] => Array
                (
                )

        )

)

10:26:01 — === AJAX STARTED ===
10:26:01 — MailPoet API found
10:26:01 — Email: vera.pervushina2608@gmail.com
10:26:01 — List ID: 4
10:26:01 — API Loaded
10:26:01 — Subscriber does not exist — creating
10:26:04 — Array
(
    [Created subscriber] => Array
        (
            [id] => 4
            [wp_user_id] => 
            [is_woocommerce_user] => 
            [subscriptions] => Array
                (
                    [0] => Array
                        (
                            [id] => 5
                            [subscriber_id] => 4
                            [created_at] => 2025-11-22 10:26:01
                            [segment_id] => 4
                            [status] => subscribed
                            [updated_at] => 2025-11-22 10:26:01
                        )

                )

            [unsubscribes] => Array
                (
                )

            [status] => subscribed
            [last_name] => 
            [first_name] => 
            [email] => vera.pervushina2608@gmail.com
            [created_at] => 2025-11-22 10:26:01
            [updated_at] => 2025-11-22 10:26:01
            [deleted_at] => 
            [subscribed_ip] => 127.0.0.1
            [confirmed_ip] => 
            [confirmed_at] => 
            [last_subscribed_at] => 2025-11-22 10:26:01
            [unconfirmed_data] => 
            [source] => api
            [count_confirmations] => 0
            [unsubscribe_token] => 3hpi6ye87ois4cs
            [link_token] => 648477f4648c5df63d65b154fc6a699a
            [tags] => Array
                (
                )

        )

)

